<?xml version="1.0" encoding="UTF-8"?>
<!-- Generated by org.testng.reporters.JUnitReportReporter -->
<testsuite skipped="0" hostname="AQM-DION-001" name="testNGProject.testNGProject.testlaunchByTestng" tests="1" failures="0" timestamp="24 Sep 2019 07:18:47 GMT" time="22.202" errors="0">
  <testcase name="testlaunch" time="22.202" classname="testNGProject.testNGProject.testlaunchByTestng"/>
</testsuite> <!-- testNGProject.testNGProject.testlaunchByTestng -->
